<?xml version="1.0" encoding="UTF-8"?>
<!-- Generated by org.testng.reporters.JUnitXMLReporter -->
<testsuite hostname="MaheshK" name="RegisterInvalid" tests="2" failures="0" timestamp="17 Sep 2016 11:40:22 GMT" time="9.613" errors="0">
  <testcase name="@BeforeTest setUpMethod" time="0.0" classname="registerTS.RegisterWithInvalidData">
    <failure type="org.openqa.selenium.WebDriverException" message="Failed to navigate to https://www.justrechargeit.com/SignUp.aspx. This usually means that a call to the COM method IWebBrowser2::Navigate2() failed. (WARNING: The server did not provide any stacktrace information)
Command duration or timeout: 16 milliseconds
Build info: version: &amp;apos;2.52.0&amp;apos;, revision: &amp;apos;4c2593c&amp;apos;, time: &amp;apos;2016-02-11 19:03:33&amp;apos;
System info: host: &amp;apos;MaheshK&amp;apos;, ip: &amp;apos;192.168.0.51&amp;apos;, os.name: &amp;apos;Windows 7&amp;apos;, os.arch: &amp;apos;x86&amp;apos;, os.version: &amp;apos;6.1&amp;apos;, java.version: &amp;apos;1.7.0_45&amp;apos;
Session ID: 5a86d2ef-68dd-4051-b178-0b18daf13756
Driver info: org.openqa.selenium.ie.InternetExplorerDriver
Capabilities [{platform=WINDOWS, javascriptEnabled=true, elementScrollBehavior=0, ignoreZoomSetting=false, enablePersistentHover=true, ie.ensureCleanSession=false, browserName=internet explorer, enableElementCacheCleanup=true, ie.enableFullPageScreenshot=true, unexpectedAlertBehaviour=dismiss, ie.fileUploadDialogTimeout=3000, ie.forceShellWindowsApi=false, version=8, pageLoadStrategy=normal, ignoreProtectedModeSettings=false, requireWindowFocus=false, initialBrowserUrl=http://localhost:25326/, ie.forceCreateProcessApi=false, nativeEvents=true, browserAttachTimeout=0, ie.browserCommandLineSwitches=}]">
      <![CDATA[org.openqa.selenium.WebDriverException: Failed to navigate to https://www.justrechargeit.com/SignUp.aspx. This usually means that a call to the COM method IWebBrowser2::Navigate2() failed. (WARNING: The server did not provide any stacktrace information)
Command duration or timeout: 16 milliseconds
Build info: version: '2.52.0', revision: '4c2593c', time: '2016-02-11 19:03:33'
System info: host: 'MaheshK', ip: '192.168.0.51', os.name: 'Windows 7', os.arch: 'x86', os.version: '6.1', java.version: '1.7.0_45'
Session ID: 5a86d2ef-68dd-4051-b178-0b18daf13756
Driver info: org.openqa.selenium.ie.InternetExplorerDriver
Capabilities [{platform=WINDOWS, javascriptEnabled=true, elementScrollBehavior=0, ignoreZoomSetting=false, enablePersistentHover=true, ie.ensureCleanSession=false, browserName=internet explorer, enableElementCacheCleanup=true, ie.enableFullPageScreenshot=true, unexpectedAlertBehaviour=dismiss, ie.fileUploadDialogTimeout=3000, ie.forceShellWindowsApi=false, version=8, pageLoadStrategy=normal, ignoreProtectedModeSettings=false, requireWindowFocus=false, initialBrowserUrl=http://localhost:25326/, ie.forceCreateProcessApi=false, nativeEvents=true, browserAttachTimeout=0, ie.browserCommandLineSwitches=}]
	at org.openqa.selenium.remote.ErrorHandler.createThrowable(ErrorHandler.java:206)
	at org.openqa.selenium.remote.ErrorHandler.throwIfResponseFailed(ErrorHandler.java:158)
	at org.openqa.selenium.remote.RemoteWebDriver.execute(RemoteWebDriver.java:678)
	at org.openqa.selenium.remote.RemoteWebDriver.get(RemoteWebDriver.java:316)
	at base.TestBase.redirectRegister(TestBase.java:100)
	at registerTS.RegisterWithInvalidData.setUpMethod(RegisterWithInvalidData.java:29)
... Removed 26 stack frames]]>
    </failure>
  </testcase> <!-- @BeforeTest setUpMethod -->
  <testcase name="@AfterMethod screenshot" time="0.0" classname="registerTS.RegisterWithInvalidData">
    <skipped/>
  </testcase> <!-- @AfterMethod screenshot -->
  <testcase name="@AfterMethod screenshot" time="0.0" classname="registerTS.RegisterWithInvalidData">
    <skipped/>
  </testcase> <!-- @AfterMethod screenshot -->
  <testcase name="@AfterTest tearDown" time="0.0" classname="registerTS.RegisterWithInvalidData">
    <skipped/>
  </testcase> <!-- @AfterTest tearDown -->
  <testcase name="RegisterWithInValid" time="0.004" classname="registerTS.RegisterWithInvalidData">
    <skipped/>
  </testcase> <!-- RegisterWithInValid -->
  <testcase name="RegisterWithInValid" time="0.003" classname="registerTS.RegisterWithInvalidData">
    <skipped/>
  </testcase> <!-- RegisterWithInValid -->
</testsuite> <!-- RegisterInvalid -->
